  Using bundled DotNet SDK
  Log file: C:\Users\silen\AppData\Local\UnrealBuildTool\Log.txt
  Using 'git status' to determine working set for adaptive non-unity build (C:\Users\silen\Documents\Unreal Projects\TopDownShmup\Lab-04).
  Deleted hot-reload file: C:\Users\silen\Documents\Unreal Projects\TopDownShmup\Lab-04\TopDownShmup\Binaries\Win64\UnrealEditor-TopDownShmup-4740.dll
  Deleted hot-reload file: C:\Users\silen\Documents\Unreal Projects\TopDownShmup\Lab-04\TopDownShmup\Binaries\Win64\UnrealEditor-TopDownShmup-4740.pdb
  Deleted hot-reload file: C:\Users\silen\Documents\Unreal Projects\TopDownShmup\Lab-04\TopDownShmup\Binaries\Win64\UnrealEditor-TopDownShmup-6629.dll
  Deleted hot-reload file: C:\Users\silen\Documents\Unreal Projects\TopDownShmup\Lab-04\TopDownShmup\Binaries\Win64\UnrealEditor-TopDownShmup-6629.pdb
  Deleted hot-reload file: C:\Users\silen\Documents\Unreal Projects\TopDownShmup\Lab-04\TopDownShmup\Binaries\Win64\UnrealEditor-TopDownShmup-7089.dll
  Deleted hot-reload file: C:\Users\silen\Documents\Unreal Projects\TopDownShmup\Lab-04\TopDownShmup\Binaries\Win64\UnrealEditor-TopDownShmup-7089.pdb
  Deleted hot-reload file: C:\Users\silen\Documents\Unreal Projects\TopDownShmup\Lab-04\TopDownShmup\Intermediate\Build\Win64\UnrealEditor\Development\TopDownShmup\UnrealEditor-TopDownShmup-4740.lib
  Deleted hot-reload file: C:\Users\silen\Documents\Unreal Projects\TopDownShmup\Lab-04\TopDownShmup\Intermediate\Build\Win64\UnrealEditor\Development\TopDownShmup\UnrealEditor-TopDownShmup-6629.lib
  Deleted hot-reload file: C:\Users\silen\Documents\Unreal Projects\TopDownShmup\Lab-04\TopDownShmup\Intermediate\Build\Win64\UnrealEditor\Development\TopDownShmup\UnrealEditor-TopDownShmup-7089.lib
  Building TopDownShmupEditor...
  Using Visual Studio 2019 14.29.30147 toolchain (C:\Program Files (x86)\Microsoft Visual Studio\2019\Community\VC\Tools\MSVC\14.29.30133) and Windows 10.0.19041.0 SDK (C:\Program Files (x86)\Windows Kits\10).
  [Upgrade]
  [Upgrade] Using backward-compatible build settings. The latest version of UE sets the following values by default, which may require code changes:
  [Upgrade]     bLegacyPublicIncludePaths = false                 => Omits subfolders from public include paths to reduce compiler command line length. (Previously: true).
  [Upgrade]     ShadowVariableWarningLevel = WarningLevel.Error   => Treats shadowed variable warnings as errors. (Previously: WarningLevel.Warning).
  [Upgrade]     PCHUsage = PCHUsageMode.UseExplicitOrSharedPCHs   => Set in build.cs files to enables IWYU-style PCH model. See https://docs.unrealengine.com/en-US/Programming/BuildTools/UnrealBuildTool/IWYU/index.html. (Previously: PCHUsageMode.UseSharedPCHs).
  [Upgrade] Suppress this message by setting 'DefaultBuildSettings = BuildSettingsVersion.V2;' in TopDownShmupEditor.Target.cs, and explicitly overriding settings that differ from the new defaults.
  [Upgrade]
  [Adaptive Build] Excluded from TopDownShmup unity file: AssaultWeapon.cpp, TopDownShmupCharacter.cpp, TopDownShmupPlayerController.cpp, Weapon.cpp
  Determining max actions to execute in parallel (8 physical cores, 16 logical cores)
    Executing up to 8 processes, one per physical core
    Requested 1.5 GB free memory per action, 5.25 GB available: limiting max parallel actions to 3
  Building 3 actions with 3 processes...
  [1/3] Link UnrealEditor-TopDownShmup.lib
     Creating library C:\Users\silen\Documents\Unreal Projects\TopDownShmup\Lab-04\TopDownShmup\Intermediate\Build\Win64\UnrealEditor\Development\TopDownShmup\UnrealEditor-TopDownShmup.lib and object C:\Users\silen\Documents\Unreal Projects\TopDownShmup\Lab-04\TopDownShmup\Intermediate\Build\Win64\UnrealEditor\Development\TopDownShmup\UnrealEditor-TopDownShmup.exp
  [2/3] Link UnrealEditor-TopDownShmup.dll
     Creating library C:\Users\silen\Documents\Unreal Projects\TopDownShmup\Lab-04\TopDownShmup\Intermediate\Build\Win64\UnrealEditor\Development\TopDownShmup\UnrealEditor-TopDownShmup.suppressed.lib and object C:\Users\silen\Documents\Unreal Projects\TopDownShmup\Lab-04\TopDownShmup\Intermediate\Build\Win64\UnrealEditor\Development\TopDownShmup\UnrealEditor-TopDownShmup.suppressed.exp
  [3/3] WriteMetadata TopDownShmupEditor.target
  Total time in Parallel executor: 0.90 seconds
  Total execution time: 2.29 seconds
